<?xml version="1.0" ?>
<testsuites disabled="0" errors="0" failures="6" tests="105" time="0.0">
	<testsuite disabled="0" errors="0" failures="6" name="cloudformation scan" skipped="0" tests="105" time="0">
		<properties>
			<property name="directory" value="['cloudformation']"/>
			<property name="add_check" value="False"/>
			<property name="external_checks_dir" value="['policies']"/>
			<property name="list" value="False"/>
			<property name="output" value="['junitxml']"/>
			<property name="output_bc_ids" value="False"/>
			<property name="include_all_checkov_policies" value="True"/>
			<property name="quiet" value="False"/>
			<property name="compact" value="False"/>
			<property name="framework" value="['cloudformation']"/>
			<property name="skip_framework" value="[]"/>
			<property name="run_all_external_checks" value="False"/>
			<property name="soft_fail" value="False"/>
			<property name="skip_results_upload" value="False"/>
			<property name="repo_id" value="cli_repo/cloudformation"/>
			<property name="branch" value="master"/>
			<property name="skip_download" value="False"/>
			<property name="use_enforcement_rules" value="False"/>
			<property name="external_modules_download_path" value=".external_modules"/>
			<property name="evaluate_variables" value="True"/>
			<property name="no_cert_verify" value="False"/>
			<property name="create_baseline" value="False"/>
			<property name="output_baseline_as_skipped" value="False"/>
			<property name="secrets_scan_file_type" value="[]"/>
			<property name="enable_secret_scan_all_files" value="False"/>
			<property name="block_list_secret_scan" value="[]"/>
			<property name="summary_position" value="top"/>
			<property name="skip_resources_without_violations" value="False"/>
			<property name="deep_analysis" value="False"/>
			<property name="no_fail_on_crash" value="False"/>
			<property name="mask" value="defaultdict(&lt;class 'set'&gt;, {})"/>
			<property name="scan_secrets_history" value="False"/>
			<property name="secrets_history_timeout" value="12h"/>
			<property name="custom_tool_name" value="Checkov"/>
		</properties>
		<testcase name="[NONE][CKV_AWS_108] Ensure IAM policies does not allow data exfiltration" classname="/stack1.yaml.AWS::IAM::Role.LambdaExecutionRole" file="/stack1.yaml"/>
		<testcase name="[NONE][CKV_AWS_111] Ensure IAM policies does not allow write access without constraints" classname="/stack1.yaml.AWS::IAM::Role.LambdaExecutionRole" file="/stack1.yaml"/>
		<testcase name="[NONE][CKV_AWS_107] Ensure IAM policies does not allow credentials exposure" classname="/stack1.yaml.AWS::IAM::Role.LambdaExecutionRole" file="/stack1.yaml"/>
		<testcase name="[NONE][CKV_AWS_61] Ensure AWS IAM policy does not allow assume role permission across all services" classname="/stack1.yaml.AWS::IAM::Role.LambdaExecutionRole" file="/stack1.yaml"/>
		<testcase name="[NONE][CKV_AWS_109] Ensure IAM policies does not allow permissions management without constraints" classname="/stack1.yaml.AWS::IAM::Role.LambdaExecutionRole" file="/stack1.yaml"/>
		<testcase name="[NONE][CKV_AWS_60] Ensure IAM role allows only specific services or principals to assume it" classname="/stack1.yaml.AWS::IAM::Role.LambdaExecutionRole" file="/stack1.yaml"/>
		<testcase name="[NONE][CKV_AWS_110] Ensure IAM policies does not allow privilege escalation" classname="/stack1.yaml.AWS::IAM::Role.LambdaExecutionRole" file="/stack1.yaml"/>
		<testcase name="[NONE][CKV_AWS_108] Ensure IAM policies does not allow data exfiltration" classname="/stack1.yaml.AWS::IAM::Policy.LambdaExecutionPolicy" file="/stack1.yaml"/>
		<testcase name="[NONE][CKV_AWS_111] Ensure IAM policies does not allow write access without constraints" classname="/stack1.yaml.AWS::IAM::Policy.LambdaExecutionPolicy" file="/stack1.yaml"/>
		<testcase name="[NONE][CKV_AWS_107] Ensure IAM policies does not allow credentials exposure" classname="/stack1.yaml.AWS::IAM::Policy.LambdaExecutionPolicy" file="/stack1.yaml"/>
		<testcase name="[NONE][CKV_AWS_63] Ensure no IAM policies documents allow &quot;*&quot; as a statement's actions" classname="/stack1.yaml.AWS::IAM::Policy.LambdaExecutionPolicy" file="/stack1.yaml"/>
		<testcase name="[NONE][CKV_AWS_109] Ensure IAM policies does not allow permissions management without constraints" classname="/stack1.yaml.AWS::IAM::Policy.LambdaExecutionPolicy" file="/stack1.yaml"/>
		<testcase name="[NONE][CKV_AWS_62] Ensure no IAM policies that allow full &quot;*-*&quot; administrative privileges are not created" classname="/stack1.yaml.AWS::IAM::Policy.LambdaExecutionPolicy" file="/stack1.yaml"/>
		<testcase name="[NONE][CKV_AWS_40] Ensure IAM policies are attached only to groups or roles (Reducing access management complexity may in-turn reduce opportunity for a principal to inadvertently receive or retain excessive privileges.)" classname="/stack1.yaml.AWS::IAM::Policy.LambdaExecutionPolicy" file="/stack1.yaml"/>
		<testcase name="[NONE][CKV_AWS_110] Ensure IAM policies does not allow privilege escalation" classname="/stack1.yaml.AWS::IAM::Policy.LambdaExecutionPolicy" file="/stack1.yaml"/>
		<testcase name="[NONE][CKV_AWS_108] Ensure IAM policies does not allow data exfiltration" classname="/stack1.yaml.AWS::IAM::Role.S3ReadOnlyRole" file="/stack1.yaml"/>
		<testcase name="[NONE][CKV_AWS_111] Ensure IAM policies does not allow write access without constraints" classname="/stack1.yaml.AWS::IAM::Role.S3ReadOnlyRole" file="/stack1.yaml"/>
		<testcase name="[NONE][CKV_AWS_107] Ensure IAM policies does not allow credentials exposure" classname="/stack1.yaml.AWS::IAM::Role.S3ReadOnlyRole" file="/stack1.yaml"/>
		<testcase name="[NONE][CKV_AWS_61] Ensure AWS IAM policy does not allow assume role permission across all services" classname="/stack1.yaml.AWS::IAM::Role.S3ReadOnlyRole" file="/stack1.yaml"/>
		<testcase name="[NONE][CKV_AWS_109] Ensure IAM policies does not allow permissions management without constraints" classname="/stack1.yaml.AWS::IAM::Role.S3ReadOnlyRole" file="/stack1.yaml"/>
		<testcase name="[NONE][CKV_AWS_60] Ensure IAM role allows only specific services or principals to assume it" classname="/stack1.yaml.AWS::IAM::Role.S3ReadOnlyRole" file="/stack1.yaml"/>
		<testcase name="[NONE][CKV_AWS_110] Ensure IAM policies does not allow privilege escalation" classname="/stack1.yaml.AWS::IAM::Role.S3ReadOnlyRole" file="/stack1.yaml"/>
		<testcase name="[NONE][CKV_AWS_108] Ensure IAM policies does not allow data exfiltration" classname="/stack1.yaml.AWS::IAM::Policy.S3ReadOnlyPolicy" file="/stack1.yaml"/>
		<testcase name="[NONE][CKV_AWS_111] Ensure IAM policies does not allow write access without constraints" classname="/stack1.yaml.AWS::IAM::Policy.S3ReadOnlyPolicy" file="/stack1.yaml"/>
		<testcase name="[NONE][CKV_AWS_107] Ensure IAM policies does not allow credentials exposure" classname="/stack1.yaml.AWS::IAM::Policy.S3ReadOnlyPolicy" file="/stack1.yaml"/>
		<testcase name="[NONE][CKV_AWS_63] Ensure no IAM policies documents allow &quot;*&quot; as a statement's actions" classname="/stack1.yaml.AWS::IAM::Policy.S3ReadOnlyPolicy" file="/stack1.yaml"/>
		<testcase name="[NONE][CKV_AWS_109] Ensure IAM policies does not allow permissions management without constraints" classname="/stack1.yaml.AWS::IAM::Policy.S3ReadOnlyPolicy" file="/stack1.yaml"/>
		<testcase name="[NONE][CKV_AWS_62] Ensure no IAM policies that allow full &quot;*-*&quot; administrative privileges are not created" classname="/stack1.yaml.AWS::IAM::Policy.S3ReadOnlyPolicy" file="/stack1.yaml"/>
		<testcase name="[NONE][CKV_AWS_40] Ensure IAM policies are attached only to groups or roles (Reducing access management complexity may in-turn reduce opportunity for a principal to inadvertently receive or retain excessive privileges.)" classname="/stack1.yaml.AWS::IAM::Policy.S3ReadOnlyPolicy" file="/stack1.yaml"/>
		<testcase name="[NONE][CKV_AWS_110] Ensure IAM policies does not allow privilege escalation" classname="/stack1.yaml.AWS::IAM::Policy.S3ReadOnlyPolicy" file="/stack1.yaml"/>
		<testcase name="[NONE][CKV_AWS_108] Ensure IAM policies does not allow data exfiltration" classname="/stack1.yaml.AWS::IAM::Role.DynamoDBAccessRole" file="/stack1.yaml"/>
		<testcase name="[NONE][CKV_AWS_111] Ensure IAM policies does not allow write access without constraints" classname="/stack1.yaml.AWS::IAM::Role.DynamoDBAccessRole" file="/stack1.yaml"/>
		<testcase name="[NONE][CKV_AWS_107] Ensure IAM policies does not allow credentials exposure" classname="/stack1.yaml.AWS::IAM::Role.DynamoDBAccessRole" file="/stack1.yaml"/>
		<testcase name="[NONE][CKV_AWS_61] Ensure AWS IAM policy does not allow assume role permission across all services" classname="/stack1.yaml.AWS::IAM::Role.DynamoDBAccessRole" file="/stack1.yaml"/>
		<testcase name="[NONE][CKV_AWS_109] Ensure IAM policies does not allow permissions management without constraints" classname="/stack1.yaml.AWS::IAM::Role.DynamoDBAccessRole" file="/stack1.yaml"/>
		<testcase name="[NONE][CKV_AWS_60] Ensure IAM role allows only specific services or principals to assume it" classname="/stack1.yaml.AWS::IAM::Role.DynamoDBAccessRole" file="/stack1.yaml"/>
		<testcase name="[NONE][CKV_AWS_110] Ensure IAM policies does not allow privilege escalation" classname="/stack1.yaml.AWS::IAM::Role.DynamoDBAccessRole" file="/stack1.yaml"/>
		<testcase name="[NONE][CKV_AWS_108] Ensure IAM policies does not allow data exfiltration" classname="/stack1.yaml.AWS::IAM::Policy.DynamoDBAccessPolicy" file="/stack1.yaml"/>
		<testcase name="[NONE][CKV_AWS_111] Ensure IAM policies does not allow write access without constraints" classname="/stack1.yaml.AWS::IAM::Policy.DynamoDBAccessPolicy" file="/stack1.yaml"/>
		<testcase name="[NONE][CKV_AWS_107] Ensure IAM policies does not allow credentials exposure" classname="/stack1.yaml.AWS::IAM::Policy.DynamoDBAccessPolicy" file="/stack1.yaml"/>
		<testcase name="[NONE][CKV_AWS_63] Ensure no IAM policies documents allow &quot;*&quot; as a statement's actions" classname="/stack1.yaml.AWS::IAM::Policy.DynamoDBAccessPolicy" file="/stack1.yaml"/>
		<testcase name="[NONE][CKV_AWS_109] Ensure IAM policies does not allow permissions management without constraints" classname="/stack1.yaml.AWS::IAM::Policy.DynamoDBAccessPolicy" file="/stack1.yaml"/>
		<testcase name="[NONE][CKV_AWS_62] Ensure no IAM policies that allow full &quot;*-*&quot; administrative privileges are not created" classname="/stack1.yaml.AWS::IAM::Policy.DynamoDBAccessPolicy" file="/stack1.yaml"/>
		<testcase name="[NONE][CKV_AWS_40] Ensure IAM policies are attached only to groups or roles (Reducing access management complexity may in-turn reduce opportunity for a principal to inadvertently receive or retain excessive privileges.)" classname="/stack1.yaml.AWS::IAM::Policy.DynamoDBAccessPolicy" file="/stack1.yaml"/>
		<testcase name="[NONE][CKV_AWS_110] Ensure IAM policies does not allow privilege escalation" classname="/stack1.yaml.AWS::IAM::Policy.DynamoDBAccessPolicy" file="/stack1.yaml"/>
		<testcase name="[NONE][CKV_AWS_108] Ensure IAM policies does not allow data exfiltration" classname="/stack3.yaml.AWS::IAM::Role.S3FullAdminRole" file="/stack3.yaml"/>
		<testcase name="[NONE][CKV_AWS_111] Ensure IAM policies does not allow write access without constraints" classname="/stack3.yaml.AWS::IAM::Role.S3FullAdminRole" file="/stack3.yaml"/>
		<testcase name="[NONE][CKV_AWS_107] Ensure IAM policies does not allow credentials exposure" classname="/stack3.yaml.AWS::IAM::Role.S3FullAdminRole" file="/stack3.yaml"/>
		<testcase name="[NONE][CKV_AWS_61] Ensure AWS IAM policy does not allow assume role permission across all services" classname="/stack3.yaml.AWS::IAM::Role.S3FullAdminRole" file="/stack3.yaml"/>
		<testcase name="[NONE][CKV_AWS_109] Ensure IAM policies does not allow permissions management without constraints" classname="/stack3.yaml.AWS::IAM::Role.S3FullAdminRole" file="/stack3.yaml"/>
		<testcase name="[NONE][CKV_AWS_60] Ensure IAM role allows only specific services or principals to assume it" classname="/stack3.yaml.AWS::IAM::Role.S3FullAdminRole" file="/stack3.yaml"/>
		<testcase name="[NONE][CKV_AWS_110] Ensure IAM policies does not allow privilege escalation" classname="/stack3.yaml.AWS::IAM::Role.S3FullAdminRole" file="/stack3.yaml"/>
		<testcase name="[NONE][CKV_AWS_108] Ensure IAM policies does not allow data exfiltration" classname="/stack2.yaml.AWS::IAM::Role.SQSConsumerRole" file="/stack2.yaml"/>
		<testcase name="[NONE][CKV_AWS_111] Ensure IAM policies does not allow write access without constraints" classname="/stack2.yaml.AWS::IAM::Role.SQSConsumerRole" file="/stack2.yaml"/>
		<testcase name="[NONE][CKV_AWS_107] Ensure IAM policies does not allow credentials exposure" classname="/stack2.yaml.AWS::IAM::Role.SQSConsumerRole" file="/stack2.yaml"/>
		<testcase name="[NONE][CKV_AWS_61] Ensure AWS IAM policy does not allow assume role permission across all services" classname="/stack2.yaml.AWS::IAM::Role.SQSConsumerRole" file="/stack2.yaml"/>
		<testcase name="[NONE][CKV_AWS_109] Ensure IAM policies does not allow permissions management without constraints" classname="/stack2.yaml.AWS::IAM::Role.SQSConsumerRole" file="/stack2.yaml"/>
		<testcase name="[NONE][CKV_AWS_60] Ensure IAM role allows only specific services or principals to assume it" classname="/stack2.yaml.AWS::IAM::Role.SQSConsumerRole" file="/stack2.yaml"/>
		<testcase name="[NONE][CKV_AWS_110] Ensure IAM policies does not allow privilege escalation" classname="/stack2.yaml.AWS::IAM::Role.SQSConsumerRole" file="/stack2.yaml"/>
		<testcase name="[NONE][CKV_AWS_108] Ensure IAM policies does not allow data exfiltration" classname="/stack2.yaml.AWS::IAM::Policy.SQSConsumerPolicy" file="/stack2.yaml"/>
		<testcase name="[NONE][CKV_AWS_111] Ensure IAM policies does not allow write access without constraints" classname="/stack2.yaml.AWS::IAM::Policy.SQSConsumerPolicy" file="/stack2.yaml"/>
		<testcase name="[NONE][CKV_AWS_107] Ensure IAM policies does not allow credentials exposure" classname="/stack2.yaml.AWS::IAM::Policy.SQSConsumerPolicy" file="/stack2.yaml"/>
		<testcase name="[NONE][CKV_AWS_63] Ensure no IAM policies documents allow &quot;*&quot; as a statement's actions" classname="/stack2.yaml.AWS::IAM::Policy.SQSConsumerPolicy" file="/stack2.yaml"/>
		<testcase name="[NONE][CKV_AWS_109] Ensure IAM policies does not allow permissions management without constraints" classname="/stack2.yaml.AWS::IAM::Policy.SQSConsumerPolicy" file="/stack2.yaml"/>
		<testcase name="[NONE][CKV_AWS_62] Ensure no IAM policies that allow full &quot;*-*&quot; administrative privileges are not created" classname="/stack2.yaml.AWS::IAM::Policy.SQSConsumerPolicy" file="/stack2.yaml"/>
		<testcase name="[NONE][CKV_AWS_40] Ensure IAM policies are attached only to groups or roles (Reducing access management complexity may in-turn reduce opportunity for a principal to inadvertently receive or retain excessive privileges.)" classname="/stack2.yaml.AWS::IAM::Policy.SQSConsumerPolicy" file="/stack2.yaml"/>
		<testcase name="[NONE][CKV_AWS_110] Ensure IAM policies does not allow privilege escalation" classname="/stack2.yaml.AWS::IAM::Policy.SQSConsumerPolicy" file="/stack2.yaml"/>
		<testcase name="[NONE][CKV_AWS_108] Ensure IAM policies does not allow data exfiltration" classname="/stack2.yaml.AWS::IAM::Role.SecretsReaderRole" file="/stack2.yaml"/>
		<testcase name="[NONE][CKV_AWS_111] Ensure IAM policies does not allow write access without constraints" classname="/stack2.yaml.AWS::IAM::Role.SecretsReaderRole" file="/stack2.yaml"/>
		<testcase name="[NONE][CKV_AWS_107] Ensure IAM policies does not allow credentials exposure" classname="/stack2.yaml.AWS::IAM::Role.SecretsReaderRole" file="/stack2.yaml"/>
		<testcase name="[NONE][CKV_AWS_61] Ensure AWS IAM policy does not allow assume role permission across all services" classname="/stack2.yaml.AWS::IAM::Role.SecretsReaderRole" file="/stack2.yaml"/>
		<testcase name="[NONE][CKV_AWS_109] Ensure IAM policies does not allow permissions management without constraints" classname="/stack2.yaml.AWS::IAM::Role.SecretsReaderRole" file="/stack2.yaml"/>
		<testcase name="[NONE][CKV_AWS_60] Ensure IAM role allows only specific services or principals to assume it" classname="/stack2.yaml.AWS::IAM::Role.SecretsReaderRole" file="/stack2.yaml"/>
		<testcase name="[NONE][CKV_AWS_110] Ensure IAM policies does not allow privilege escalation" classname="/stack2.yaml.AWS::IAM::Role.SecretsReaderRole" file="/stack2.yaml"/>
		<testcase name="[NONE][CKV_AWS_108] Ensure IAM policies does not allow data exfiltration" classname="/stack2.yaml.AWS::IAM::Policy.SecretsReaderPolicy" file="/stack2.yaml"/>
		<testcase name="[NONE][CKV_AWS_111] Ensure IAM policies does not allow write access without constraints" classname="/stack2.yaml.AWS::IAM::Policy.SecretsReaderPolicy" file="/stack2.yaml"/>
		<testcase name="[NONE][CKV_AWS_107] Ensure IAM policies does not allow credentials exposure" classname="/stack2.yaml.AWS::IAM::Policy.SecretsReaderPolicy" file="/stack2.yaml"/>
		<testcase name="[NONE][CKV_AWS_63] Ensure no IAM policies documents allow &quot;*&quot; as a statement's actions" classname="/stack2.yaml.AWS::IAM::Policy.SecretsReaderPolicy" file="/stack2.yaml"/>
		<testcase name="[NONE][CKV_AWS_109] Ensure IAM policies does not allow permissions management without constraints" classname="/stack2.yaml.AWS::IAM::Policy.SecretsReaderPolicy" file="/stack2.yaml"/>
		<testcase name="[NONE][CKV_AWS_62] Ensure no IAM policies that allow full &quot;*-*&quot; administrative privileges are not created" classname="/stack2.yaml.AWS::IAM::Policy.SecretsReaderPolicy" file="/stack2.yaml"/>
		<testcase name="[NONE][CKV_AWS_40] Ensure IAM policies are attached only to groups or roles (Reducing access management complexity may in-turn reduce opportunity for a principal to inadvertently receive or retain excessive privileges.)" classname="/stack2.yaml.AWS::IAM::Policy.SecretsReaderPolicy" file="/stack2.yaml"/>
		<testcase name="[NONE][CKV_AWS_110] Ensure IAM policies does not allow privilege escalation" classname="/stack2.yaml.AWS::IAM::Policy.SecretsReaderPolicy" file="/stack2.yaml"/>
		<testcase name="[NONE][CHI_POLICY_IAM_001] Do not attach overly permissive AWS managed policies to IAM roles" classname="/stack1.yaml.AWS::IAM::Role.LambdaExecutionRole" file="/stack1.yaml"/>
		<testcase name="[NONE][CHI_POLICY_IAM_001] Do not attach overly permissive AWS managed policies to IAM roles" classname="/stack1.yaml.AWS::IAM::Role.S3ReadOnlyRole" file="/stack1.yaml"/>
		<testcase name="[NONE][CHI_POLICY_IAM_001] Do not attach overly permissive AWS managed policies to IAM roles" classname="/stack1.yaml.AWS::IAM::Role.DynamoDBAccessRole" file="/stack1.yaml"/>
		<testcase name="[NONE][CHI_POLICY_IAM_001] Do not attach overly permissive AWS managed policies to IAM roles" classname="/stack2.yaml.AWS::IAM::Role.SQSConsumerRole" file="/stack2.yaml"/>
		<testcase name="[NONE][CHI_POLICY_IAM_001] Do not attach overly permissive AWS managed policies to IAM roles" classname="/stack2.yaml.AWS::IAM::Role.SecretsReaderRole" file="/stack2.yaml"/>
		<testcase name="[NONE][CHI_POLICY_SERVICE_001] Do not allow odb:* service prefix in IAM policies" classname="/stack1.yaml.AWS::IAM::Role.LambdaExecutionRole" file="/stack1.yaml"/>
		<testcase name="[NONE][CHI_POLICY_SERVICE_001] Do not allow odb:* service prefix in IAM policies" classname="/stack1.yaml.AWS::IAM::Policy.LambdaExecutionPolicy" file="/stack1.yaml"/>
		<testcase name="[NONE][CHI_POLICY_SERVICE_001] Do not allow odb:* service prefix in IAM policies" classname="/stack1.yaml.AWS::IAM::Role.S3ReadOnlyRole" file="/stack1.yaml"/>
		<testcase name="[NONE][CHI_POLICY_SERVICE_001] Do not allow odb:* service prefix in IAM policies" classname="/stack1.yaml.AWS::IAM::Policy.S3ReadOnlyPolicy" file="/stack1.yaml"/>
		<testcase name="[NONE][CHI_POLICY_SERVICE_001] Do not allow odb:* service prefix in IAM policies" classname="/stack1.yaml.AWS::IAM::Role.DynamoDBAccessRole" file="/stack1.yaml"/>
		<testcase name="[NONE][CHI_POLICY_SERVICE_001] Do not allow odb:* service prefix in IAM policies" classname="/stack1.yaml.AWS::IAM::Policy.DynamoDBAccessPolicy" file="/stack1.yaml"/>
		<testcase name="[NONE][CHI_POLICY_SERVICE_001] Do not allow odb:* service prefix in IAM policies" classname="/stack4.yaml.AWS::IAM::ManagedPolicy.RiskyIAMPolicy" file="/stack4.yaml"/>
		<testcase name="[NONE][CHI_POLICY_SERVICE_001] Do not allow odb:* service prefix in IAM policies" classname="/stack3.yaml.AWS::IAM::Role.S3FullAdminRole" file="/stack3.yaml"/>
		<testcase name="[NONE][CHI_POLICY_SERVICE_001] Do not allow odb:* service prefix in IAM policies" classname="/stack2.yaml.AWS::IAM::Role.SQSConsumerRole" file="/stack2.yaml"/>
		<testcase name="[NONE][CHI_POLICY_SERVICE_001] Do not allow odb:* service prefix in IAM policies" classname="/stack2.yaml.AWS::IAM::Policy.SQSConsumerPolicy" file="/stack2.yaml"/>
		<testcase name="[NONE][CHI_POLICY_SERVICE_001] Do not allow odb:* service prefix in IAM policies" classname="/stack2.yaml.AWS::IAM::Role.SecretsReaderRole" file="/stack2.yaml"/>
		<testcase name="[NONE][CHI_POLICY_SERVICE_001] Do not allow odb:* service prefix in IAM policies" classname="/stack2.yaml.AWS::IAM::Policy.SecretsReaderPolicy" file="/stack2.yaml"/>
		<testcase name="[NONE][CKV_AWS_108] Ensure IAM policies does not allow data exfiltration" classname="/stack4.yaml.AWS::IAM::ManagedPolicy.RiskyIAMPolicy" file="/stack4.yaml">
			<failure type="failure" message="Ensure IAM policies does not allow data exfiltration">
Resource: AWS::IAM::ManagedPolicy.RiskyIAMPolicy
File: /stack4.yaml: 5-14
Guideline: https://docs.prismacloud.io/en/enterprise-edition/policy-reference/aws-policies/aws-iam-policies/ensure-iam-policies-do-not-allow-data-exfiltration

		5  |   RiskyIAMPolicy:
		6  |     Type: 'AWS::IAM::ManagedPolicy'
		7  |     Properties:
		8  |       ManagedPolicyName: 'CheckovTestRiskyPolicy'
		9  |       PolicyDocument:
		10 |         Version: '2012-10-17'
		11 |         Statement:
		12 |           - Effect: 'Allow'
		13 |             Action: '*'
		14 |             Resource: '*'
</failure>
		</testcase>
		<testcase name="[NONE][CKV_AWS_111] Ensure IAM policies does not allow write access without constraints" classname="/stack4.yaml.AWS::IAM::ManagedPolicy.RiskyIAMPolicy" file="/stack4.yaml">
			<failure type="failure" message="Ensure IAM policies does not allow write access without constraints">
Resource: AWS::IAM::ManagedPolicy.RiskyIAMPolicy
File: /stack4.yaml: 5-14
Guideline: https://docs.prismacloud.io/en/enterprise-edition/policy-reference/aws-policies/aws-iam-policies/ensure-iam-policies-do-not-allow-write-access-without-constraint

		5  |   RiskyIAMPolicy:
		6  |     Type: 'AWS::IAM::ManagedPolicy'
		7  |     Properties:
		8  |       ManagedPolicyName: 'CheckovTestRiskyPolicy'
		9  |       PolicyDocument:
		10 |         Version: '2012-10-17'
		11 |         Statement:
		12 |           - Effect: 'Allow'
		13 |             Action: '*'
		14 |             Resource: '*'
</failure>
		</testcase>
		<testcase name="[NONE][CKV_AWS_107] Ensure IAM policies does not allow credentials exposure" classname="/stack4.yaml.AWS::IAM::ManagedPolicy.RiskyIAMPolicy" file="/stack4.yaml">
			<failure type="failure" message="Ensure IAM policies does not allow credentials exposure">
Resource: AWS::IAM::ManagedPolicy.RiskyIAMPolicy
File: /stack4.yaml: 5-14
Guideline: https://docs.prismacloud.io/en/enterprise-edition/policy-reference/aws-policies/aws-iam-policies/ensure-iam-policies-do-not-allow-credentials-exposure

		5  |   RiskyIAMPolicy:
		6  |     Type: 'AWS::IAM::ManagedPolicy'
		7  |     Properties:
		8  |       ManagedPolicyName: 'CheckovTestRiskyPolicy'
		9  |       PolicyDocument:
		10 |         Version: '2012-10-17'
		11 |         Statement:
		12 |           - Effect: 'Allow'
		13 |             Action: '*'
		14 |             Resource: '*'
</failure>
		</testcase>
		<testcase name="[NONE][CKV_AWS_109] Ensure IAM policies does not allow permissions management without constraints" classname="/stack4.yaml.AWS::IAM::ManagedPolicy.RiskyIAMPolicy" file="/stack4.yaml">
			<failure type="failure" message="Ensure IAM policies does not allow permissions management without constraints">
Resource: AWS::IAM::ManagedPolicy.RiskyIAMPolicy
File: /stack4.yaml: 5-14
Guideline: https://docs.prismacloud.io/en/enterprise-edition/policy-reference/aws-policies/aws-iam-policies/ensure-iam-policies-do-not-allow-permissions-management-resource-exposure-without-constraint

		5  |   RiskyIAMPolicy:
		6  |     Type: 'AWS::IAM::ManagedPolicy'
		7  |     Properties:
		8  |       ManagedPolicyName: 'CheckovTestRiskyPolicy'
		9  |       PolicyDocument:
		10 |         Version: '2012-10-17'
		11 |         Statement:
		12 |           - Effect: 'Allow'
		13 |             Action: '*'
		14 |             Resource: '*'
</failure>
		</testcase>
		<testcase name="[NONE][CKV_AWS_110] Ensure IAM policies does not allow privilege escalation" classname="/stack4.yaml.AWS::IAM::ManagedPolicy.RiskyIAMPolicy" file="/stack4.yaml">
			<failure type="failure" message="Ensure IAM policies does not allow privilege escalation">
Resource: AWS::IAM::ManagedPolicy.RiskyIAMPolicy
File: /stack4.yaml: 5-14
Guideline: https://docs.prismacloud.io/en/enterprise-edition/policy-reference/aws-policies/aws-iam-policies/ensure-iam-policies-does-not-allow-privilege-escalation

		5  |   RiskyIAMPolicy:
		6  |     Type: 'AWS::IAM::ManagedPolicy'
		7  |     Properties:
		8  |       ManagedPolicyName: 'CheckovTestRiskyPolicy'
		9  |       PolicyDocument:
		10 |         Version: '2012-10-17'
		11 |         Statement:
		12 |           - Effect: 'Allow'
		13 |             Action: '*'
		14 |             Resource: '*'
</failure>
		</testcase>
		<testcase name="[NONE][CHI_POLICY_IAM_001] Do not attach overly permissive AWS managed policies to IAM roles" classname="/stack3.yaml.AWS::IAM::Role.S3FullAdminRole" file="/stack3.yaml">
			<failure type="failure" message="Do not attach overly permissive AWS managed policies to IAM roles">
Resource: AWS::IAM::Role.S3FullAdminRole
File: /stack3.yaml: 6-18
Guideline: Roles must not have AdministratorAccess or AmazonS3FullAccess AWS managed policies attached.

		6  |   S3FullAdminRole:
		7  |     Type: AWS::IAM::Role
		8  |     Properties:
		9  |       RoleName: stack3-s3-full-admin-role
		10 |       AssumeRolePolicyDocument:
		11 |         Version: &quot;2012-10-17&quot;
		12 |         Statement:
		13 |           - Effect: Allow
		14 |             Principal:
		15 |               Service: ec2.amazonaws.com
		16 |             Action: sts:AssumeRole
		17 |       ManagedPolicyArns:
		18 |         - arn:aws:iam::aws:policy/AmazonS3FullAccess
</failure>
		</testcase>
	</testsuite>
</testsuites>

